c:\users\devh1\desktop\c++\assignment 2\assignment2_patient_vitals_management_system\dpcpp-2025-ass2-clean-v4\patientsystem\x64\debug\vc143.pdb
c:\users\devh1\desktop\c++\assignment 2\assignment2_patient_vitals_management_system\dpcpp-2025-ass2-clean-v4\patientsystem\x64\debug\vc143.idb
c:\users\devh1\desktop\c++\assignment 2\assignment2_patient_vitals_management_system\dpcpp-2025-ass2-clean-v4\patientsystem\x64\debug\vitals.obj
c:\users\devh1\desktop\c++\assignment 2\assignment2_patient_vitals_management_system\dpcpp-2025-ass2-clean-v4\patientsystem\x64\debug\person.obj
c:\users\devh1\desktop\c++\assignment 2\assignment2_patient_vitals_management_system\dpcpp-2025-ass2-clean-v4\patientsystem\x64\debug\main.obj
c:\users\devh1\desktop\c++\assignment 2\assignment2_patient_vitals_management_system\dpcpp-2025-ass2-clean-v4\patientsystem\x64\debug\patientmanagementsystem.obj
c:\users\devh1\desktop\c++\assignment 2\assignment2_patient_vitals_management_system\dpcpp-2025-ass2-clean-v4\patientsystem\x64\debug\patientfileloader.obj
c:\users\devh1\desktop\c++\assignment 2\assignment2_patient_vitals_management_system\dpcpp-2025-ass2-clean-v4\patientsystem\x64\debug\patientdatabaseloader.obj
c:\users\devh1\desktop\c++\assignment 2\assignment2_patient_vitals_management_system\dpcpp-2025-ass2-clean-v4\patientsystem\x64\debug\patient.obj
c:\users\devh1\desktop\c++\assignment 2\assignment2_patient_vitals_management_system\dpcpp-2025-ass2-clean-v4\patientsystem\x64\debug\hospitalalertsystemfacade.obj
c:\users\devh1\desktop\c++\assignment 2\assignment2_patient_vitals_management_system\dpcpp-2025-ass2-clean-v4\patientsystem\x64\debug\gpnotificationsystemfacade.obj
c:\users\devh1\desktop\c++\assignment 2\assignment2_patient_vitals_management_system\dpcpp-2025-ass2-clean-v4\x64\debug\patientsystem.exe
c:\users\devh1\desktop\c++\assignment 2\assignment2_patient_vitals_management_system\dpcpp-2025-ass2-clean-v4\x64\debug\patientsystem.pdb
c:\users\devh1\desktop\c++\assignment 2\assignment2_patient_vitals_management_system\dpcpp-2025-ass2-clean-v4\patientsystem\x64\debug\patientsystem.ilk
c:\users\devh1\desktop\c++\assignment 2\assignment2_patient_vitals_management_system\dpcpp-2025-ass2-clean-v4\patientsystem\x64\debug\patientsystem.tlog\cl.command.1.tlog
c:\users\devh1\desktop\c++\assignment 2\assignment2_patient_vitals_management_system\dpcpp-2025-ass2-clean-v4\patientsystem\x64\debug\patientsystem.tlog\cl.items.tlog
c:\users\devh1\desktop\c++\assignment 2\assignment2_patient_vitals_management_system\dpcpp-2025-ass2-clean-v4\patientsystem\x64\debug\patientsystem.tlog\cl.read.1.tlog
c:\users\devh1\desktop\c++\assignment 2\assignment2_patient_vitals_management_system\dpcpp-2025-ass2-clean-v4\patientsystem\x64\debug\patientsystem.tlog\cl.write.1.tlog
c:\users\devh1\desktop\c++\assignment 2\assignment2_patient_vitals_management_system\dpcpp-2025-ass2-clean-v4\patientsystem\x64\debug\patientsystem.tlog\link.command.1.tlog
c:\users\devh1\desktop\c++\assignment 2\assignment2_patient_vitals_management_system\dpcpp-2025-ass2-clean-v4\patientsystem\x64\debug\patientsystem.tlog\link.read.1.tlog
c:\users\devh1\desktop\c++\assignment 2\assignment2_patient_vitals_management_system\dpcpp-2025-ass2-clean-v4\patientsystem\x64\debug\patientsystem.tlog\link.secondary.1.tlog
c:\users\devh1\desktop\c++\assignment 2\assignment2_patient_vitals_management_system\dpcpp-2025-ass2-clean-v4\patientsystem\x64\debug\patientsystem.tlog\link.write.1.tlog
